2019-03-27 16:17:58.592 INFO [restartedMain]com.example.demo.XdclassApplication.logStarting:50 -Starting XdclassApplication on zhangjiawen-PC with PID 9660 (C:\Users\zhangjiawen\git\repository\demo\target\classes started by zhangjiawen in C:\Users\zhangjiawen\git\repository\demo)
2019-03-27 16:17:58.598 INFO [restartedMain]com.example.demo.XdclassApplication.logStartupProfileInfo:659 -No active profile set, falling back to default profiles: default
2019-03-27 16:17:58.709 INFO [restartedMain]o.s.b.w.s.c.AnnotationConfigServletWebServerApplicationContext.prepareRefresh:590 -Refreshing org.springframework.boot.web.servlet.context.AnnotationConfigServletWebServerApplicationContext@76616d73: startup date [Wed Mar 27 16:17:58 CST 2019]; root of context hierarchy
2019-03-27 16:17:59.940 INFO [restartedMain]o.s.d.repository.config.RepositoryConfigurationDelegate.multipleStoresDetected:163 -Multiple Spring Data modules found, entering strict repository configuration mode!
2019-03-27 16:18:00.584 INFO [restartedMain]o.s.c.s.PostProcessorRegistrationDelegate$BeanPostProcessorChecker.postProcessAfterInitialization:328 -Bean 'org.springframework.transaction.annotation.ProxyTransactionManagementConfiguration' of type [org.springframework.transaction.annotation.ProxyTransactionManagementConfiguration$$EnhancerBySpringCGLIB$$49e4d20e] is not eligible for getting processed by all BeanPostProcessors (for example: not eligible for auto-proxying)
2019-03-27 16:18:01.071 INFO [restartedMain]o.s.boot.web.embedded.tomcat.TomcatWebServer.initialize:91 -Tomcat initialized with port(s): 8081 (http)
2019-03-27 16:18:01.093 INFO [restartedMain]org.apache.coyote.http11.Http11NioProtocol.log:180 -Initializing ProtocolHandler ["http-nio-8081"]
2019-03-27 16:18:01.106 INFO [restartedMain]org.apache.catalina.core.StandardService.log:180 -Starting service [Tomcat]
2019-03-27 16:18:01.107 INFO [restartedMain]org.apache.catalina.core.StandardEngine.log:180 -Starting Servlet Engine: Apache Tomcat/8.5.29
2019-03-27 16:18:01.115 INFO [localhost-startStop-1]org.apache.catalina.core.AprLifecycleListener.log:180 -The APR based Apache Tomcat Native library which allows optimal performance in production environments was not found on the java.library.path: [D:\jdk8u201\bin;C:\Windows\Sun\Java\bin;C:\Windows\system32;C:\Windows;D:/jre8/bin/server;D:/jre8/bin;D:/jre8/lib/amd64;C:\Program Files (x86)\Common Files\Oracle\Java\javapath;C:\Windows\system32;C:\Windows;C:\Windows\System32\Wbem;C:\Windows\System32\WindowsPowerShell\v1.0\;C:\Program Files\MySQL\MySQL Server 5.5\bin;D:\jdk1.7.0_55\bin;D:\TortoiseSVN\bin;D:\apache-maven-3.5.2\bin;D:\Git\cmd;C:\Users\zhangjiawen\AppData\Local\Programs\Python\Python36\Scripts;C:\Users\zhangjiawen\AppData\Local\Programs\Python\Python36\Scripts\;C:\Users\zhangjiawen\AppData\Local\Programs\Python\Python36\;C:\Users\zhangjiawen\Desktop;;.]
2019-03-27 16:18:01.272 INFO [localhost-startStop-1]o.a.catalina.core.ContainerBase.[Tomcat].[localhost].[/].log:180 -Initializing Spring embedded WebApplicationContext
2019-03-27 16:18:01.273 INFO [localhost-startStop-1]org.springframework.web.context.ContextLoader.prepareWebApplicationContext:285 -Root WebApplicationContext: initialization completed in 2564 ms
2019-03-27 16:18:01.541 INFO [localhost-startStop-1]o.s.boot.web.servlet.ServletRegistrationBean.addRegistration:185 -Servlet dispatcherServlet mapped to [/]
2019-03-27 16:18:01.543 INFO [localhost-startStop-1]o.s.boot.web.servlet.ServletRegistrationBean.addRegistration:185 -Servlet testServlet mapped to [/servlet/test]
2019-03-27 16:18:01.549 INFO [localhost-startStop-1]o.s.boot.web.servlet.FilterRegistrationBean.configure:244 -Mapping filter: 'characterEncodingFilter' to: [/*]
2019-03-27 16:18:01.551 INFO [localhost-startStop-1]o.s.boot.web.servlet.FilterRegistrationBean.configure:244 -Mapping filter: 'hiddenHttpMethodFilter' to: [/*]
2019-03-27 16:18:01.551 INFO [localhost-startStop-1]o.s.boot.web.servlet.FilterRegistrationBean.configure:244 -Mapping filter: 'httpPutFormContentFilter' to: [/*]
2019-03-27 16:18:01.551 INFO [localhost-startStop-1]o.s.boot.web.servlet.FilterRegistrationBean.configure:244 -Mapping filter: 'requestContextFilter' to: [/*]
2019-03-27 16:18:01.552 INFO [localhost-startStop-1]o.s.boot.web.servlet.FilterRegistrationBean.configure:257 -Mapping filter: 'com.example.demo.filter.LoginFilter' to urls: [/api/*]
2019-03-27 16:18:02.443 INFO [restartedMain]o.s.web.servlet.handler.SimpleUrlHandlerMapping.registerHandler:373 -Mapped URL path [/**/favicon.ico] onto handler of type [class org.springframework.web.servlet.resource.ResourceHttpRequestHandler]
2019-03-27 16:18:02.786 INFO [restartedMain]o.s.w.s.m.method.annotation.RequestMappingHandlerAdapter.initControllerAdviceCache:574 -Looking for @ControllerAdvice: org.springframework.boot.web.servlet.context.AnnotationConfigServletWebServerApplicationContext@76616d73: startup date [Wed Mar 27 16:17:58 CST 2019]; root of context hierarchy
2019-03-27 16:18:02.882 INFO [restartedMain]o.s.w.s.m.method.annotation.RequestMappingHandlerMapping.register:547 -Mapped "{[/async/test],methods=[GET]}" onto public java.lang.Object com.example.demo.controller.AsyncContronller.testAsync() throws java.lang.InterruptedException,java.util.concurrent.ExecutionException
2019-03-27 16:18:02.884 INFO [restartedMain]o.s.w.s.m.method.annotation.RequestMappingHandlerMapping.register:547 -Mapped "{[/myException]}" onto public java.lang.Object com.example.demo.controller.ExceptionController.myException()
2019-03-27 16:18:02.885 INFO [restartedMain]o.s.w.s.m.method.annotation.RequestMappingHandlerMapping.register:547 -Mapped "{[/exception]}" onto public java.lang.Object com.example.demo.controller.ExceptionController.testPeroperties()
2019-03-27 16:18:02.886 INFO [restartedMain]o.s.w.s.m.method.annotation.RequestMappingHandlerMapping.register:547 -Mapped "{[/upload]}" onto public com.example.demo.bean.JsonObj com.example.demo.controller.FileController.upload(org.springframework.web.multipart.MultipartFile,javax.servlet.http.HttpServletRequest)
2019-03-27 16:18:02.889 INFO [restartedMain]o.s.w.s.m.method.annotation.RequestMappingHandlerMapping.register:547 -Mapped "{[/freemarker]}" onto public java.lang.Object com.example.demo.controller.FreeMarkerController.testHome(org.springframework.ui.ModelMap)
2019-03-27 16:18:02.891 INFO [restartedMain]o.s.w.s.m.method.annotation.RequestMappingHandlerMapping.register:547 -Mapped "{[/aop/test/test]}" onto public java.lang.Object com.example.demo.controller.GetController.test()
2019-03-27 16:18:02.891 INFO [restartedMain]o.s.w.s.m.method.annotation.RequestMappingHandlerMapping.register:547 -Mapped "{[/v1/get_header],methods=[GET]}" onto public java.lang.Object com.example.demo.controller.GetController.getHeader(java.lang.String,java.lang.String)
2019-03-27 16:18:02.892 INFO [restartedMain]o.s.w.s.m.method.annotation.RequestMappingHandlerMapping.register:547 -Mapped "{[/v1/test_properties],methods=[GET]}" onto public java.lang.Object com.example.demo.controller.GetController.testPeroperties()
2019-03-27 16:18:02.893 INFO [restartedMain]o.s.w.s.m.method.annotation.RequestMappingHandlerMapping.register:547 -Mapped "{[/v1/page_user1],methods=[GET]}" onto public java.lang.Object com.example.demo.controller.GetController.pageUser(int,int)
2019-03-27 16:18:02.893 INFO [restartedMain]o.s.w.s.m.method.annotation.RequestMappingHandlerMapping.register:547 -Mapped "{[/api/login]}" onto public java.lang.Object com.example.demo.controller.GetController.login(java.lang.String)
2019-03-27 16:18:02.894 INFO [restartedMain]o.s.w.s.m.method.annotation.RequestMappingHandlerMapping.register:547 -Mapped "{[/v1/page_user2],methods=[GET]}" onto public java.lang.Object com.example.demo.controller.GetController.pageUserV2(int,int)
2019-03-27 16:18:02.895 INFO [restartedMain]o.s.w.s.m.method.annotation.RequestMappingHandlerMapping.register:547 -Mapped "{[/v1/test_request],methods=[GET]}" onto public java.lang.Object com.example.demo.controller.GetController.testRequest(javax.servlet.http.HttpServletRequest)
2019-03-27 16:18:02.896 INFO [restartedMain]o.s.w.s.m.method.annotation.RequestMappingHandlerMapping.register:547 -Mapped "{[/log/log],methods=[GET]}" onto public java.lang.Object com.example.demo.controller.LogController.testLog()
2019-03-27 16:18:02.899 INFO [restartedMain]o.s.w.s.m.method.annotation.RequestMappingHandlerMapping.register:547 -Mapped "{[/mybatis/update],methods=[GET]}" onto public java.lang.Object com.example.demo.controller.MybatisController.update(java.lang.String,int)
2019-03-27 16:18:02.900 INFO [restartedMain]o.s.w.s.m.method.annotation.RequestMappingHandlerMapping.register:547 -Mapped "{[/mybatis/add],methods=[GET]}" onto public java.lang.Object com.example.demo.controller.MybatisController.testPeroperties()
2019-03-27 16:18:02.900 INFO [restartedMain]o.s.w.s.m.method.annotation.RequestMappingHandlerMapping.register:547 -Mapped "{[/mybatis/findAll],methods=[GET]}" onto public java.lang.Object com.example.demo.controller.MybatisController.findAll()
2019-03-27 16:18:02.901 INFO [restartedMain]o.s.w.s.m.method.annotation.RequestMappingHandlerMapping.register:547 -Mapped "{[/mybatis/find_by_id],methods=[GET]}" onto public java.lang.Object com.example.demo.controller.MybatisController.findById(long)
2019-03-27 16:18:02.901 INFO [restartedMain]o.s.w.s.m.method.annotation.RequestMappingHandlerMapping.register:547 -Mapped "{[/mybatis/del_by_id],methods=[GET]}" onto public java.lang.Object com.example.demo.controller.MybatisController.delById(long)
2019-03-27 16:18:02.902 INFO [restartedMain]o.s.w.s.m.method.annotation.RequestMappingHandlerMapping.register:547 -Mapped "{[/mybatis/addForTrans],methods=[GET]}" onto public java.lang.Object com.example.demo.controller.MybatisController.addForTrans()
2019-03-27 16:18:02.907 INFO [restartedMain]o.s.w.s.m.method.annotation.RequestMappingHandlerMapping.register:547 -Mapped "{[/redis/add],methods=[GET]}" onto private java.lang.Object com.example.demo.controller.RedisController.addRedis(java.lang.String)
2019-03-27 16:18:02.908 INFO [restartedMain]o.s.w.s.m.method.annotation.RequestMappingHandlerMapping.register:547 -Mapped "{[/redis/get],methods=[GET]}" onto private java.lang.Object com.example.demo.controller.RedisController.getRedis()
2019-03-27 16:18:02.909 INFO [restartedMain]o.s.w.s.m.method.annotation.RequestMappingHandlerMapping.register:547 -Mapped "{[/redis/save_user],methods=[GET]}" onto public java.lang.Object com.example.demo.controller.RedisController.saveUser()
2019-03-27 16:18:02.909 INFO [restartedMain]o.s.w.s.m.method.annotation.RequestMappingHandlerMapping.register:547 -Mapped "{[/redis/find_user],methods=[GET]}" onto public java.lang.Object com.example.demo.controller.RedisController.findUser()
2019-03-27 16:18:02.910 INFO [restartedMain]o.s.w.s.m.method.annotation.RequestMappingHandlerMapping.register:547 -Mapped "{[/thymeleaf/test]}" onto public java.lang.Object com.example.demo.controller.ThymeleafController.testHome(org.springframework.ui.ModelMap)
2019-03-27 16:18:02.912 INFO [restartedMain]o.s.w.s.m.method.annotation.RequestMappingHandlerMapping.register:547 -Mapped "{[/test/home]}" onto public java.lang.Object com.example.demo.controller.ViewController.testHome()
2019-03-27 16:18:02.915 INFO [restartedMain]o.s.w.s.m.method.annotation.RequestMappingHandlerMapping.register:547 -Mapped "{[/error]}" onto public org.springframework.http.ResponseEntity<java.util.Map<java.lang.String, java.lang.Object>> org.springframework.boot.autoconfigure.web.servlet.error.BasicErrorController.error(javax.servlet.http.HttpServletRequest)
2019-03-27 16:18:02.917 INFO [restartedMain]o.s.w.s.m.method.annotation.RequestMappingHandlerMapping.register:547 -Mapped "{[/error],produces=[text/html]}" onto public org.springframework.web.servlet.ModelAndView org.springframework.boot.autoconfigure.web.servlet.error.BasicErrorController.errorHtml(javax.servlet.http.HttpServletRequest,javax.servlet.http.HttpServletResponse)
2019-03-27 16:18:02.971 INFO [restartedMain]o.s.web.servlet.handler.SimpleUrlHandlerMapping.registerHandler:373 -Mapped URL path [/webjars/**] onto handler of type [class org.springframework.web.servlet.resource.ResourceHttpRequestHandler]
2019-03-27 16:18:02.971 INFO [restartedMain]o.s.web.servlet.handler.SimpleUrlHandlerMapping.registerHandler:373 -Mapped URL path [/**] onto handler of type [class org.springframework.web.servlet.resource.ResourceHttpRequestHandler]
2019-03-27 16:18:02.994 INFO [restartedMain]o.s.w.s.m.m.annotation.ExceptionHandlerExceptionResolver.initExceptionHandlerAdviceCache:288 -Detected @ExceptionHandler methods in customExtHandler
2019-03-27 16:18:03.069 WARN [restartedMain]org.thymeleaf.templatemode.TemplateMode.parse:150 -[THYMELEAF][restartedMain] Template Mode 'HTML5' is deprecated. Using Template Mode 'HTML' instead.
2019-03-27 16:18:03.154 INFO [restartedMain]o.s.b.a.web.servlet.WelcomePageHandlerMapping.<init>:56 -Adding welcome page: class path resource [templates/index.html]
2019-03-27 16:18:03.635 INFO [restartedMain]o.s.boot.devtools.autoconfigure.OptionalLiveReloadServer.startServer:57 -LiveReload server is running on port 35729
2019-03-27 16:18:03.670 INFO [restartedMain]o.s.jmx.export.annotation.AnnotationMBeanExporter.afterSingletonsInstantiated:433 -Registering beans for JMX exposure on startup
2019-03-27 16:18:03.672 INFO [restartedMain]o.s.jmx.export.annotation.AnnotationMBeanExporter.autodetect:895 -Bean with name 'dataSource' has been autodetected for JMX exposure
2019-03-27 16:18:03.678 INFO [restartedMain]o.s.jmx.export.annotation.AnnotationMBeanExporter.registerBeanInstance:668 -Located MBean 'dataSource': registering with JMX server as MBean [com.alibaba.druid.pool:name=dataSource,type=DruidDataSource]
2019-03-27 16:18:03.693 INFO [restartedMain]org.apache.coyote.http11.Http11NioProtocol.log:180 -Starting ProtocolHandler ["http-nio-8081"]
2019-03-27 16:18:03.701 INFO [restartedMain]org.apache.tomcat.util.net.NioSelectorPool.log:180 -Using a shared selector for servlet write/read
2019-03-27 16:18:03.716 INFO [restartedMain]o.s.boot.web.embedded.tomcat.TomcatWebServer.start:206 -Tomcat started on port(s): 8081 (http) with context path ''
2019-03-27 16:18:03.720 INFO [restartedMain]com.example.demo.XdclassApplication.logStarted:59 -Started XdclassApplication in 5.686 seconds (JVM running for 6.112)
2019-03-27 16:18:37.698 INFO [http-nio-8081-exec-1]o.a.catalina.core.ContainerBase.[Tomcat].[localhost].[/].log:180 -Initializing Spring FrameworkServlet 'dispatcherServlet'
2019-03-27 16:18:37.698 INFO [http-nio-8081-exec-1]org.springframework.web.servlet.DispatcherServlet.initServletBean:494 -FrameworkServlet 'dispatcherServlet': initialization started
2019-03-27 16:18:37.742 INFO [http-nio-8081-exec-1]org.springframework.web.servlet.DispatcherServlet.initServletBean:509 -FrameworkServlet 'dispatcherServlet': initialization completed in 44 ms
2019-03-27 16:18:37.776 INFO [http-nio-8081-exec-1]com.example.demo.controller.LogController.testLog:24 -this is info level 
2019-03-27 16:18:37.776 WARN [http-nio-8081-exec-1]com.example.demo.controller.LogController.testLog:25 -this is warn level 
